<?xml version="1.0" encoding="utf-8"?><testsuites name="pytest tests"><testsuite name="pytest" errors="0" failures="0" skipped="0" tests="18" time="18.559" timestamp="2026-06-08T09:35:12.994782+00:00" hostname="agent-env-9c61d993-aee8-4057-ae21-c5a422725b8f"><testcase classname="backend.tests.backend_test" name="test_root" time="0.149" /><testcase classname="backend.tests.backend_test" name="test_list_experiences" time="0.356" /><testcase classname="backend.tests.backend_test" name="test_get_experience_by_slug[wake-above-the-clouds]" time="0.273" /><testcase classname="backend.tests.backend_test" name="test_get_experience_by_slug[where-time-keeps-court]" time="0.276" /><testcase classname="backend.tests.backend_test" name="test_get_experience_by_slug[ocean-beyond-the-horizon]" time="0.284" /><testcase classname="backend.tests.backend_test" name="test_get_experience_404" time="0.266" /><testcase classname="backend.tests.backend_test" name="test_list_stories" time="0.280" /><testcase classname="backend.tests.backend_test" name="test_get_story_by_slug" time="0.268" /><testcase classname="backend.tests.backend_test" name="test_get_story_404" time="0.314" /><testcase classname="backend.tests.backend_test" name="test_seed_catalog_idempotent" time="4.167" /><testcase classname="backend.tests.backend_test" name="test_create_lead_and_persist" time="1.360" /><testcase classname="backend.tests.backend_test" name="test_create_lead_with_empty_string_optional_fields" time="0.275" /><testcase classname="backend.tests.backend_test" name="test_lead_invalid_email" time="0.093" /><testcase classname="backend.tests.backend_test" name="test_admin_requires_token" time="0.100" /><testcase classname="backend.tests.backend_test" name="test_admin_bad_token" time="0.354" /><testcase classname="backend.tests.backend_test" name="test_admin_update_lead_status" time="1.361" /><testcase classname="backend.tests.backend_test" name="test_admin_experiences" time="0.723" /><testcase classname="backend.tests.backend_test" name="test_concierge_multi_turn" time="7.574" /></testsuite></testsuites>