<?xml version="1.0" encoding="utf-8"?><testsuites name="pytest tests"><testsuite name="pytest" errors="0" failures="0" skipped="0" tests="14" time="12.269" timestamp="2026-06-08T08:51:07.791914+00:00" hostname="agent-env-9c61d993-aee8-4057-ae21-c5a422725b8f"><testcase classname="backend.tests.backend_test" name="test_root" time="0.231" /><testcase classname="backend.tests.backend_test" name="test_list_experiences" time="0.494" /><testcase classname="backend.tests.backend_test" name="test_get_experience_by_slug[where-time-keeps-court]" time="0.321" /><testcase classname="backend.tests.backend_test" name="test_get_experience_by_slug[ocean-beyond-the-horizon]" time="0.305" /><testcase classname="backend.tests.backend_test" name="test_get_experience_by_slug[wake-above-the-clouds]" time="0.321" /><testcase classname="backend.tests.backend_test" name="test_get_experience_404" time="0.295" /><testcase classname="backend.tests.backend_test" name="test_list_stories" time="0.286" /><testcase classname="backend.tests.backend_test" name="test_create_lead_and_persist" time="1.466" /><testcase classname="backend.tests.backend_test" name="test_lead_invalid_email" time="0.105" /><testcase classname="backend.tests.backend_test" name="test_admin_requires_token" time="0.100" /><testcase classname="backend.tests.backend_test" name="test_admin_bad_token" time="0.343" /><testcase classname="backend.tests.backend_test" name="test_admin_update_lead_status" time="1.521" /><testcase classname="backend.tests.backend_test" name="test_admin_experiences" time="0.781" /><testcase classname="backend.tests.backend_test" name="test_concierge_multi_turn" time="5.538" /></testsuite></testsuites>